2018-05-20 11:49:08 [main:233] - [ERROR]  
 /Graph = "NetworkTopology"/It is an invalid commander
2018-05-20 11:49:08 [main:239] - [ERROR]  
 /GraphType = "GraphPoet"/It is an invalid commander
2018-05-20 11:49:08 [main:240] - [ERROR]  
 /GraphType = "NetworkTopology>/It is an invalid commander
2018-05-20 11:49:08 [main:242] - [ERROR]  
 /GraphName = "NetworkTopologyTest?"/NetworkTopologyTest? is an invalid label
2018-05-20 11:49:08 [main:250] - [ERROR]  
 /GraphName = "NetworkTopologyTest"?/It is an invalid commander
2018-05-20 11:49:08 [main:254] - [ERROR]  
 /VertexType = "Computer", "Router", "Server", "Person"/Person is an invalid vertex type
2018-05-20 11:49:08 [main:261] - [ERROR]  
 /VertexType = "Computer", "Router", "Server"./It is an invalid commander
2018-05-20 11:49:08 [main:268] - [ERROR]  
 /Vertex = <"v1,", "Computer", <"192.168.88.106">>/v1, is an invalid label
2018-05-20 11:49:08 [main:280] - [ERROR]  
 /Vertex = <"v1", "Word", <"192.168.88.106">>/Word is an invalid vertex type in this graph
2018-05-20 11:49:08 [main:282] - [ERROR]  
 /Vertex = <"v1", "Computer", <"192.168.88.106", "mine">>/the number of attributes is wrong
2018-05-20 11:49:08 [main:285] - [ERROR]  
 /Vertex = <"v1", "Computer", <"192.168.88.1066">>/192.168.88.1066 is an invalid attribute
2018-05-20 11:49:08 [main:286] - [ERROR]  
 /Vertex = <"v1", "Computer", <"192.168.88">>/192.168.88 is an invalid attribute
2018-05-20 11:49:08 [main:288] - [ERROR]  
 /Vertex = <"v1", "Computer", <"192.168.88.-066">>/192.168.88.-066 is an invalid attribute
2018-05-20 11:49:08 [main:291] - [ERROR]  
 /Vertex = <"v1", "Computer", <"192.168.88.one">>/192.168.88.one is an invalid attribute
2018-05-20 11:49:08 [main:299] - [ERROR]  
 /Vertex = <"v4", "Router", <"192.168.199.9">>>/It is an invalid commander
2018-05-20 11:49:08 [main:303] - [ERROR]  
 /EdgeType = "WordNeighborhoodEdge"/WordNeighborhoodEdge is an invalid edge type
2018-05-20 11:49:08 [main:310] - [ERROR]  
 /EdgeType = <"NetworkConnection">/It is an invalid commander
2018-05-20 11:49:08 [main:313] - [ERROR]  
 /Edge = <"e1.", "NetworkConnection", "100", "v1", "v2", "No">/e1. is an invalid label
2018-05-20 11:49:08 [main:316] - [ERROR]  
 /Edge = <"e1", "CommentTie", "100", "v1", "v2", "No">/CommentTie is an invalid edge type
2018-05-20 11:49:08 [main:325] - [ERROR]  
 /Edge = <"e1", "NetworkConnection", "-50", "v1", "v2", "No">/-50 is an invalid weight
2018-05-20 11:49:08 [main:331] - [ERROR]  
 /Edge = <"e1", "NetworkConnection", "one hundred", "v1", "v2", "No">/one hundred is an invalid weight
2018-05-20 11:49:08 [main:352] - [ERROR]  
 /Edge = <"e4", "NetworkConnection", "100", "v5", "v3", "No">/there are no enough vertices in this graph
2018-05-20 11:49:08 [main:357] - [ERROR]  
 /Edge = <"e5", "NetworkConnection", "100", "v1", "v5", "No">/It's an invalid edge
2018-05-20 11:49:08 [main:366] - [ERROR]  
 /Edge = <"e1", "NetworkConnection", "100", "v1", "v2", "No">>/It is an invalid commander
2018-05-20 11:49:08 [main:373] - [ERROR]  
 /Vertex = <"v1", "Computer">/There are not enough attributes
2018-05-20 11:49:08 [main:439] - [ERROR]  
 /VertexType1 = "Person"/It is an invalid commander
2018-05-20 11:49:08 [main:440] - [ERROR]  
 /GraphType = "SocialNetwork1"/It is an invalid commander
2018-05-20 11:49:08 [main:442] - [ERROR]  
 /GraphType == "SocialNetwork"/It is an invalid commander
2018-05-20 11:49:08 [main:447] - [ERROR]  
 /GraphName = "SocialNetworkTest!"/SocialNetworkTest! is an invalid label
2018-05-20 11:49:08 [main:448] - [ERROR]  
 /GraphName = ,"SocialNetworkTest"/It is an invalid commander
2018-05-20 11:49:08 [main:449] - [ERROR]  
 /VertexType = "Movie"/Movie is an invalid vertex type
2018-05-20 11:49:08 [main:449] - [ERROR]  
 /VertexType "= "Person"/It is an invalid commander
2018-05-20 11:49:08 [main:450] - [ERROR]  
 /Vertex = <"Ren+", "Person", <"M", "20">>/Ren+ is an invalid label
2018-05-20 11:49:08 [main:457] - [ERROR]  
 /Vertex = <"Li", "Actor", <"F", "19">>/Actor is an invalid vertex type in this graph
2018-05-20 11:49:08 [main:462] - [ERROR]  
 /Vertex = <"Li", "Person", <"F", "19", "happy">>/the number of attributes is wrong
2018-05-20 11:49:08 [main:463] - [ERROR]  
 /Vertex = <"Li", "Person", <"FF", "19">>/FF is an invalid attribute
2018-05-20 11:49:08 [main:466] - [ERROR]  
 /Vertex = <"An", "Person", <"F", "21.5">>/21.5 is an invalid attribute
2018-05-20 11:49:08 [main:472] - [ERROR]  
 /Vertex = <"An", "Person", <"F", "21">/It is an invalid commander
2018-05-20 11:49:08 [main:478] - [ERROR]  
 /EdgeType = "CommentTie", "ForwardTie", "FriendTie", "NetworkConnection"/NetworkConnection is an invalid edge type
2018-05-20 11:49:08 [main:480] - [ERROR]  
 /EdgeType = "CommentTie", "ForwardTie",, "FriendTie"/It is an invalid commander
2018-05-20 11:49:08 [main:481] - [ERROR]  
 /Edge = <"E1+", "CommentTie", "1", "Li", "Ren", "Yes">/E1+ is an invalid label
2018-05-20 11:49:08 [main:482] - [ERROR]  
 /Edge = <"E1", "Director", "1", "Li", "Ren", "Yes">/Director is an invalid edge type
2018-05-20 11:49:08 [main:483] - [ERROR]  
 /Edge = <"E2", "FriendTie", "2", "Li", "An", "Yes">/2 is an invalid weight
2018-05-20 11:49:08 [main:485] - [ERROR]  
 /Edge = <"E1", "CommentTie", "one", "Li", "Ren", "Yes">/one is an invalid weight
2018-05-20 11:49:08 [main:488] - [ERROR]  
 /Edge = <"E4", "ForwardTie", "0.6", "Ren", "An", "No">/there are no undirected edges in this graph
2018-05-20 11:49:08 [main:501] - [ERROR]  
 /Edge = <"E3", "ForwardTie", "0.5", "Ren", "An", "Yes>/It is an invalid commander
2018-05-20 11:49:08 [main:507] - [ERROR]  
 /Edge = <"E4", "ForwardTie", "0.6", "Ren", "Sui", "Yes">/there are no enough vertices in this graph
2018-05-20 11:49:08 [main:508] - [ERROR]  
 /Vertex = <"Ren", "Person">/There are not enough attributes
2018-05-20 11:49:08 [main:552] - [ERROR]  
 /DeleteVertex = <"d1", "Director", <"20", "M">>/It is an invalid commander
2018-05-20 11:49:08 [main:553] - [ERROR]  
 /GraphType = "GraphPoet"/It is an invalid commander
2018-05-20 11:49:08 [main:553] - [ERROR]  
 /GraphType = /MovieGraph//It is an invalid commander
2018-05-20 11:49:08 [main:554] - [ERROR]  
 /GraphName = "MovieGraphTest."/MovieGraphTest. is an invalid label
2018-05-20 11:49:08 [main:554] - [ERROR]  
 /GraphName = {MovieGraphTest}/It is an invalid commander
2018-05-20 11:49:08 [main:554] - [ERROR]  
 /VertexType = "Director", "Actor", "Movie", "Word"/Word is an invalid vertex type
2018-05-20 11:49:08 [main:555] - [ERROR]  
 /VertexType = "Director"\ "Actor"\ "Movie"/It is an invalid commander
2018-05-20 11:49:08 [main:555] - [ERROR]  
 /Vertex = <"d1+", "Director", <"20", "M">>/d1+ is an invalid label
2018-05-20 11:49:08 [main:556] - [ERROR]  
 /Vertex = <"m1", "Word", <"2018", "China", "9.9">>/Word is an invalid vertex type in this graph
2018-05-20 11:49:08 [main:556] - [ERROR]  
 /Vertex = <"a1", "Actor", <"21.5", "F">>/0 is an invalid attribute
2018-05-20 11:49:08 [main:557] - [ERROR]  
 /Vertex = <"m1", "Movie", <"2018", "China", "nine">>/0.0 is an invalid attribute
2018-05-20 11:49:08 [main:558] - [ERROR]  
 /Vertex = <"m1", "Movie", <"2018", "China", "19.9">>/They are invalid attributes
2018-05-20 11:49:08 [main:558] - [ERROR]  
 /Vertex = <"m1", "Movie", <"2018", "China", "-19.9">>/They are invalid attributes
2018-05-20 11:49:08 [main:559] - [ERROR]  
 /Vertex = <"m1", "Movie", <"2019", "China", "9.9">>/They are invalid attributes
2018-05-20 11:49:08 [main:560] - [ERROR]  
 /Vertex = <"m1", "Movie", <"1800", "China", "9.9">>/They are invalid attributes
2018-05-20 11:49:08 [main:561] - [ERROR]  
 /Vertex = <"m1", "Movie", <"1800", "China">>/They are invalid attributes
2018-05-20 11:49:08 [main:561] - [ERROR]  
 /Vertex = <"m1", "Movie", <"2018", "China", "ten">>/0.0 is an invalid attribute
2018-05-20 11:49:08 [main:562] - [ERROR]  
 /Vertex = <"d1", "Director", <"-20", "M">>/They are invalid attributes
2018-05-20 11:49:08 [main:562] - [ERROR]  
 /Vertex = <"d1", "Director", <"20", "Male">>/They are invalid attributes
2018-05-20 11:49:08 [main:563] - [ERROR]  
 /Vertex = <"d1", "Director", <"20">>/They are invalid attributes
2018-05-20 11:49:08 [main:563] - [ERROR]  
 /Vertex = <"d1", "Director", <"20", "Female">>/They are invalid attributes
2018-05-20 11:49:08 [main:564] - [ERROR]  
 /Vertex = <"a3", "Actor", <"-23", "M">>/They are invalid attributes
2018-05-20 11:49:08 [main:565] - [ERROR]  
 /Vertex = <"a3", "Actor", <"23", "Male">>/They are invalid attributes
2018-05-20 11:49:08 [main:566] - [ERROR]  
 /Vertex = <"a3", "Actor", <"23">>/They are invalid attributes
2018-05-20 11:49:08 [main:566] - [ERROR]  
 /Vertex = <"a3", "Actor", <"23", "M">/It is an invalid commander
2018-05-20 11:49:08 [main:571] - [ERROR]  
 /EdgeType = "MovieDirectorRelation", "MovieActorRelation", "ForwardTie"/ForwardTie is an invalid edge type
2018-05-20 11:49:08 [main:572] - [ERROR]  
 /EdgeType = "MovieDirectorRelation", "MovieActorRelation", "SameMovieHyperEdge/It is an invalid commander
2018-05-20 11:49:08 [main:579] - [ERROR]  
 /Edge = <"d+m1", "MovieDirectorRelation", "-1", "d1", "m1", "No">/d+m1 is an invalid label
2018-05-20 11:49:08 [main:580] - [ERROR]  
 /Edge = <"dm1", "FriendTie", "-1", "d1", "m1", "No">/FriendTie is an invalid edge type
2018-05-20 11:49:08 [main:586] - [ERROR]  
 /Edge = <"m1a2", "MovieActorRelation", "fifty", "m1", "a2", "No">/fifty is an invalid weight
2018-05-20 11:49:08 [main:605] - [ERROR]  
 /Edge = <"m1a3", "MovieActorRelation", "25", "m3", "a3", "No">/there are no enough vertices in this graph
2018-05-20 11:49:08 [main:627] - [ERROR]  
 /Edge = <"dm1", "MovieDirectorRelation", "-1", "d1", "m1", "N">/It is an invalid commander
2018-05-20 11:49:08 [main:633] - [ERROR]  
 /HyperEdge = <"s+a1", "SameMovieHyperEdge", {"a1", "a2", "a3"}>/s+a1 is an invalid label
2018-05-20 11:49:08 [main:637] - [ERROR]  
 /HyperEdge = <"sa1", "SameMovie", {"a1", "a2", "a3"}>/SameMovie is an invalid edge type
2018-05-20 11:49:08 [main:639] - [ERROR]  
 /HyperEdge = <"sa1", "SameMovieHyperEdge", {"a1"}>/Not enough vertices to make a hyperedge
2018-05-20 11:49:08 [main:659] - [ERROR]  
 /HyperEdge = <"sa1", "SameMovieHyperEdge", {"a1", "a2", "m2"}>/Each vertex should be an actor
2018-05-20 11:49:08 [main:662] - [ERROR]  
 /HyperEdge = <"sa1", "SameMovieHyperEdge", {"a1", "a2", "a3"}/It is an invalid commander
2018-05-20 11:49:08 [main:668] - [ERROR]  
 /Vertex = <"m1", "Movie">/There are not enough attributes
2018-05-20 11:49:08 [main:698] - [ERROR]  
 /Graph = "GraphPoet"/It is an invalid commander
2018-05-20 11:49:08 [main:698] - [ERROR]  
 /GraphType = "MovieGraph"/It is an invalid commander
2018-05-20 11:49:08 [main:699] - [ERROR]  
 /GraphType = <GraphPoet>/It is an invalid commander
2018-05-20 11:49:08 [main:699] - [ERROR]  
 /GraphName = "GraphPoetTest."/GraphPoetTest. is an invalid label
2018-05-20 11:49:08 [main:699] - [ERROR]  
 /GraphName = (GraphPoetTest)/It is an invalid commander
2018-05-20 11:49:08 [main:700] - [ERROR]  
 /VertexType = "Person"/Person is an invalid vertex type
2018-05-20 11:49:08 [main:704] - [ERROR]  
 /VertexType = ?Word?/It is an invalid commander
2018-05-20 11:49:08 [main:705] - [ERROR]  
 /Vertex = <"v1.", "Word">/v1. is an invalid label
2018-05-20 11:49:08 [main:706] - [ERROR]  
 /Vertex = <"v1", "Actor">/Actor is an invalid vertex type in this graph
2018-05-20 11:49:08 [main:706] - [ERROR]  
 /Vertex = <"v5", "Word">>/It is an invalid commander
2018-05-20 11:49:08 [main:710] - [ERROR]  
 /EdgeType = "NetworkConnection"/NetworkConnection is an invalid edge type
2018-05-20 11:49:08 [main:710] - [ERROR]  
 /EdgeType = "WordNeighborhoodEdge"./It is an invalid commander
2018-05-20 11:49:08 [main:711] - [ERROR]  
 /Edge = <"E1.", "WordNeighborhoodEdge", "1", "v1", "v2", "Yes">/E1. is an invalid label
2018-05-20 11:49:08 [main:713] - [ERROR]  
 /Edge = <"E1", "MovieActorRelation", "1", "v1", "v2", "Yes">/MovieActorRelation is an invalid edge type
2018-05-20 11:49:08 [main:714] - [ERROR]  
 /Edge = <"E1", "WordNeighborhoodEdge", "-1", "v1", "v2", "Yes">/-1 is an invalid weight
2018-05-20 11:49:08 [main:714] - [ERROR]  
 /Edge = <"E2", "WordNeighborhoodEdge", "1.1", "v2", "v3", "Yes">/1.1 is an invalid weight
2018-05-20 11:49:08 [main:718] - [ERROR]  
 /Edge = <"E3", "WordNeighborhoodEdge", "1", "v3", "v4", "No">/there are no undirected edges in this graph
2018-05-20 11:49:08 [main:720] - [ERROR]  
 /Edge = <"E5", "WordNeighborhoodEdge", "1", "v5", "v6", "Yes">/not enough vertices
2018-05-20 11:49:08 [main:723] - [ERROR]  
 /Edge = <"E1", "WordNeighborhoodEdge", "1", "v1", "v2", "Yes")/It is an invalid commander
2018-05-20 11:49:08 [main:724] - [ERROR]  
 /Graph = "GraphPoet"/It is an invalid commander
2018-05-20 11:49:08 [main:725] - [ERROR]  
 /Graph = "GraphPoet"/It is an invalid commander
2018-05-20 11:49:08 [main:725] - [ERROR]  
 /Graph = "GraphPoet"/It is an invalid commander
